Arguments: 
  /home/gitpod/.nvm/versions/node/v16.15.1/bin/node /home/gitpod/.nvm/versions/node/v16.15.1/bin/yarn init

PATH: 
  /home/gitpod/.sdkman/candidates/maven/current/bin:/home/gitpod/.sdkman/candidates/java/current/bin:/home/gitpod/.sdkman/candidates/gradle/current/bin:/workspace/.cargo/bin:/home/gitpod/.rvm/gems/ruby-2.7.6/bin:/home/gitpod/.rvm/gems/ruby-2.7.6@global/bin:/home/gitpod/.rvm/rubies/ruby-2.7.6/bin:/home/gitpod/.pyenv/plugins/pyenv-virtualenv/shims:/home/gitpod/.pyenv/shims:/workspace/go/bin:/home/gitpod/.nix-profile/bin:/ide/bin/remote-cli:/home/gitpod/go/bin:/home/gitpod/go-packages/bin:/home/gitpod/.nvm/versions/node/v16.15.1/bin:/workspace/.pip-modules/bin:/home/gitpod/.pyenv/bin:/workspace/.rvm/bin:/home/gitpod/.cargo/bin:/home/linuxbrew/.linuxbrew/bin:/home/linuxbrew/.linuxbrew/sbin/:/usr/games:/usr/local/sbin:/usr/local/bin:/usr/sbin:/usr/bin:/sbin:/bin:/home/gitpod/.nvm/versions/node/v16.15.1/bin:/home/gitpod/.rvm/bin

Yarn version: 
  1.22.18

Node version: 
  16.15.1

Platform: 
  linux x64

Trace: 
  Error: canceled
      at Interface.<anonymous> (/home/gitpod/.nvm/versions/node/v16.15.1/lib/node_modules/yarn/lib/cli.js:137143:13)
      at Interface.emit (node:events:527:28)
      at Interface._ttyWrite (node:readline:1081:16)
      at ReadStream.onkeypress (node:readline:288:10)
      at ReadStream.emit (node:events:527:28)
      at emitKeys (node:internal/readline/utils:358:14)
      at emitKeys.next (<anonymous>)
      at ReadStream.onData (node:internal/readline/emitKeypressEvents:61:36)
      at ReadStream.emit (node:events:527:28)
      at addChunk (node:internal/streams/readable:315:12)

npm manifest: 
  No manifest

yarn manifest: 
  No manifest

Lockfile: 
  No lockfile
